INFO:__main__:will upload data
INFO:__main__:header: HTTP/1.1 201
        Content-Length: 302
        Content-type: text/html
        Connection: closed
        Date: Wed, 21 Aug 2024 13:16:03 GMT
        Last-Modified: Wed, 21 Aug 2024 13:16:03 GMT
        Server: 

INFO:__main__:body: <!DOCTYPE html>
        <html>
        <body>
        
        <h1>Welcome to the ______ webserv!!</h1>
        
        <p> Thanks for your file!
</p>
           <p><a href="/upload.html">Give us more data?</a></p>
        <p><a href="/index.html">Back</a></p>
        
        </body>
        </html>
INFO:__main__:will upload data
INFO:__main__:header: HTTP/1.1 201
        Content-Length: 302
        Content-type: text/html
        Connection: closed
        Date: Wed, 21 Aug 2024 13:24:44 GMT
        Last-Modified: Wed, 21 Aug 2024 13:24:44 GMT
        Server: 

INFO:__main__:body: <!DOCTYPE html>
        <html>
        <body>
        
        <h1>Welcome to the ______ webserv!!</h1>
        
        <p> Thanks for your file!
</p>
           <p><a href="/upload.html">Give us more data?</a></p>
        <p><a href="/index.html">Back</a></p>
        
        </body>
        </html>
INFO:__main__:will upload data
INFO:__main__:header: HTTP/1.1 201
        Content-Length: 302
        Content-type: text/html
        Connection: closed
        Date: Wed, 21 Aug 2024 14:18:51 GMT
        Last-Modified: Wed, 21 Aug 2024 14:18:51 GMT
        Server: 

INFO:__main__:body: <!DOCTYPE html>
        <html>
        <body>
        
        <h1>Welcome to the ______ webserv!!</h1>
        
        <p> Thanks for your file!
</p>
           <p><a href="/upload.html">Give us more data?</a></p>
        <p><a href="/index.html">Back</a></p>
        
        </body>
        </html>
INFO:__main__:will upload data
INFO:__main__:header: HTTP/1.1 201
        Content-Length: 302
        Content-type: text/html
        Connection: closed
        Date: Wed, 21 Aug 2024 14:18:59 GMT
        Last-Modified: Wed, 21 Aug 2024 14:18:59 GMT
        Server: 

INFO:__main__:body: <!DOCTYPE html>
        <html>
        <body>
        
        <h1>Welcome to the ______ webserv!!</h1>
        
        <p> Thanks for your file!
</p>
           <p><a href="/upload.html">Give us more data?</a></p>
        <p><a href="/index.html">Back</a></p>
        
        </body>
        </html>
INFO:__main__:will upload data
INFO:__main__:header: HTTP/1.1 201
        Content-Length: 302
        Content-type: text/html
        Connection: closed
        Date: Wed, 21 Aug 2024 14:19:10 GMT
        Last-Modified: Wed, 21 Aug 2024 14:19:10 GMT
        Server: 

INFO:__main__:body: <!DOCTYPE html>
        <html>
        <body>
        
        <h1>Welcome to the ______ webserv!!</h1>
        
        <p> Thanks for your file!
</p>
           <p><a href="/upload.html">Give us more data?</a></p>
        <p><a href="/index.html">Back</a></p>
        
        </body>
        </html>
INFO:__main__:will upload data
INFO:__main__:header: HTTP/1.1 201
        Content-Length: 302
        Content-type: text/html
        Connection: closed
        Date: Wed, 21 Aug 2024 14:19:19 GMT
        Last-Modified: Wed, 21 Aug 2024 14:19:19 GMT
        Server: 

INFO:__main__:body: <!DOCTYPE html>
        <html>
        <body>
        
        <h1>Welcome to the ______ webserv!!</h1>
        
        <p> Thanks for your file!
</p>
           <p><a href="/upload.html">Give us more data?</a></p>
        <p><a href="/index.html">Back</a></p>
        
        </body>
        </html>
INFO:__main__:will upload data
INFO:__main__:header: HTTP/1.1 201
        Content-Length: 302
        Content-type: text/html
        Connection: closed
        Date: Wed, 21 Aug 2024 14:21:19 GMT
        Last-Modified: Wed, 21 Aug 2024 14:21:19 GMT
        Server: 

INFO:__main__:body: <!DOCTYPE html>
        <html>
        <body>
        
        <h1>Welcome to the ______ webserv!!</h1>
        
        <p> Thanks for your file!
</p>
           <p><a href="/upload.html">Give us more data?</a></p>
        <p><a href="/index.html">Back</a></p>
        
        </body>
        </html>
INFO:__main__:will upload data
INFO:__main__:header: HTTP/1.1 201
        Content-Length: 302
        Content-type: text/html
        Connection: closed
        Date: Wed, 21 Aug 2024 14:21:24 GMT
        Last-Modified: Wed, 21 Aug 2024 14:21:24 GMT
        Server: 

INFO:__main__:body: <!DOCTYPE html>
        <html>
        <body>
        
        <h1>Welcome to the ______ webserv!!</h1>
        
        <p> Thanks for your file!
</p>
           <p><a href="/upload.html">Give us more data?</a></p>
        <p><a href="/index.html">Back</a></p>
        
        </body>
        </html>
INFO:__main__:will upload data
INFO:__main__:header: HTTP/1.1 201
        Content-Length: 302
        Content-type: text/html
        Connection: closed
        Date: Wed, 21 Aug 2024 14:21:35 GMT
        Last-Modified: Wed, 21 Aug 2024 14:21:35 GMT
        Server: 

INFO:__main__:body: <!DOCTYPE html>
        <html>
        <body>
        
        <h1>Welcome to the ______ webserv!!</h1>
        
        <p> Thanks for your file!
</p>
           <p><a href="/upload.html">Give us more data?</a></p>
        <p><a href="/index.html">Back</a></p>
        
        </body>
        </html>
INFO:__main__:will upload data
INFO:__main__:header: HTTP/1.1 201
        Content-Length: 302
        Content-type: text/html
        Connection: closed
        Date: Wed, 21 Aug 2024 14:22:18 GMT
        Last-Modified: Wed, 21 Aug 2024 14:22:18 GMT
        Server: 

INFO:__main__:body: <!DOCTYPE html>
        <html>
        <body>
        
        <h1>Welcome to the ______ webserv!!</h1>
        
        <p> Thanks for your file!
</p>
           <p><a href="/upload.html">Give us more data?</a></p>
        <p><a href="/index.html">Back</a></p>
        
        </body>
        </html>
INFO:__main__:will upload data
INFO:__main__:header: HTTP/1.1 201
        Content-Length: 302
        Content-type: text/html
        Connection: closed
        Date: Wed, 21 Aug 2024 14:23:04 GMT
        Last-Modified: Wed, 21 Aug 2024 14:23:04 GMT
        Server: 

INFO:__main__:body: <!DOCTYPE html>
        <html>
        <body>
        
        <h1>Welcome to the ______ webserv!!</h1>
        
        <p> Thanks for your file!
</p>
           <p><a href="/upload.html">Give us more data?</a></p>
        <p><a href="/index.html">Back</a></p>
        
        </body>
        </html>
INFO:__main__:Starting file upload process
INFO:__main__:header: HTTP/1.1 400
Content-Length: 228
Content-type: text/html
Connection: closed
Date: Wed, 21 Aug 2024 14:27:43 GMT
Last-Modified: Wed, 21 Aug 2024 14:27:43 GMT
Server: 

INFO:__main__:body: <!DOCTYPE html>
<html>
<body>

<h1>Welcome to the ______ webserv!!</h1>

<p> Filenames with spaces are not allowed.
</p>
<p><a href="/upload.html">Give us more data?</a></p>
<p><a href="/index.html">Back</a></p>

</body>
</html>
INFO:__main__:Starting file upload process
INFO:__main__:header: HTTP/1.1 400
Content-Length: 228
Content-type: text/html
Connection: closed
Date: Wed, 21 Aug 2024 14:27:56 GMT
Last-Modified: Wed, 21 Aug 2024 14:27:56 GMT
Server: 

INFO:__main__:body: <!DOCTYPE html>
<html>
<body>

<h1>Welcome to the ______ webserv!!</h1>

<p> Filenames with spaces are not allowed.
</p>
<p><a href="/upload.html">Give us more data?</a></p>
<p><a href="/index.html">Back</a></p>

</body>
</html>
INFO:__main__:Starting file upload process
INFO:__main__:header: HTTP/1.1 400
Content-Length: 228
Content-type: text/html
Connection: closed
Date: Wed, 21 Aug 2024 14:41:56 GMT
Last-Modified: Wed, 21 Aug 2024 14:41:56 GMT
Server: 

INFO:__main__:body: <!DOCTYPE html>
<html>
<body>

<h1>Welcome to the ______ webserv!!</h1>

<p> Filenames with spaces are not allowed.
</p>
<p><a href="/upload.html">Give us more data?</a></p>
<p><a href="/index.html">Back</a></p>

</body>
</html>
INFO:__main__:Starting file upload process
INFO:__main__:header: HTTP/1.1 201
Content-Length: 211
Content-type: text/html
Connection: closed
Date: Wed, 21 Aug 2024 14:43:17 GMT
Last-Modified: Wed, 21 Aug 2024 14:43:17 GMT
Server: 

INFO:__main__:body: <!DOCTYPE html>
<html>
<body>

<h1>Welcome to the ______ webserv!!</h1>

<p> Thanks for your file!
</p>
<p><a href="/upload.html">Give us more data?</a></p>
<p><a href="/index.html">Back</a></p>

</body>
</html>
INFO:__main__:Starting file upload process
INFO:__main__:header: HTTP/1.1 201
Content-Length: 211
Content-type: text/html
Connection: closed
Date: Wed, 21 Aug 2024 14:43:47 GMT
Last-Modified: Wed, 21 Aug 2024 14:43:47 GMT
Server: 

INFO:__main__:body: <!DOCTYPE html>
<html>
<body>

<h1>Welcome to the ______ webserv!!</h1>

<p> Thanks for your file!
</p>
<p><a href="/upload.html">Give us more data?</a></p>
<p><a href="/index.html">Back</a></p>

</body>
</html>
INFO:__main__:Starting file upload process
INFO:__main__:header: HTTP/1.1 201
Content-Length: 211
Content-type: text/html
Connection: closed
Date: Wed, 21 Aug 2024 14:44:01 GMT
Last-Modified: Wed, 21 Aug 2024 14:44:01 GMT
Server: 

INFO:__main__:body: <!DOCTYPE html>
<html>
<body>

<h1>Welcome to the ______ webserv!!</h1>

<p> Thanks for your file!
</p>
<p><a href="/upload.html">Give us more data?</a></p>
<p><a href="/index.html">Back</a></p>

</body>
</html>
INFO:__main__:Starting file upload process
INFO:__main__:header: HTTP/1.1 400
Content-Length: 228
Content-type: text/html
Connection: closed
Date: Wed, 21 Aug 2024 14:45:29 GMT
Last-Modified: Wed, 21 Aug 2024 14:45:29 GMT
Server: 

INFO:__main__:body: <!DOCTYPE html>
<html>
<body>

<h1>Welcome to the ______ webserv!!</h1>

<p> Filenames with spaces are not allowed.
</p>
<p><a href="/upload.html">Give us more data?</a></p>
<p><a href="/index.html">Back</a></p>

</body>
</html>
INFO:__main__:Starting file upload process
INFO:__main__:header: HTTP/1.1 201
Content-Length: 211
Content-type: text/html
Connection: closed
Date: Wed, 21 Aug 2024 14:45:58 GMT
Last-Modified: Wed, 21 Aug 2024 14:45:58 GMT
Server: 

INFO:__main__:body: <!DOCTYPE html>
<html>
<body>

<h1>Welcome to the ______ webserv!!</h1>

<p> Thanks for your file!
</p>
<p><a href="/upload.html">Give us more data?</a></p>
<p><a href="/index.html">Back</a></p>

</body>
</html>
INFO:__main__:Starting file upload process
INFO:__main__:header: HTTP/1.1 201
Content-Length: 211
Content-type: text/html
Connection: closed
Date: Wed, 21 Aug 2024 14:50:24 GMT
Last-Modified: Wed, 21 Aug 2024 14:50:24 GMT
Server: 

INFO:__main__:body: <!DOCTYPE html>
<html>
<body>

<h1>Welcome to the ______ webserv!!</h1>

<p> Thanks for your file!
</p>
<p><a href="/upload.html">Give us more data?</a></p>
<p><a href="/index.html">Back</a></p>

</body>
</html>
INFO:__main__:Starting file upload process
INFO:__main__:header: HTTP/1.1 201
Content-Length: 211
Content-type: text/html
Connection: closed
Date: Wed, 21 Aug 2024 14:53:29 GMT
Last-Modified: Wed, 21 Aug 2024 14:53:29 GMT
Server: 

INFO:__main__:body: <!DOCTYPE html>
<html>
<body>

<h1>Welcome to the ______ webserv!!</h1>

<p> Thanks for your file!
</p>
<p><a href="/upload.html">Give us more data?</a></p>
<p><a href="/index.html">Back</a></p>

</body>
</html>
